[debug] [2025-07-23T04:07:09.263Z] ----------------------------------------------------------------------
[debug] [2025-07-23T04:07:09.264Z] Command:       /usr/local/bin/node /usr/local/bin/firebase init hosting
[debug] [2025-07-23T04:07:09.264Z] CLI Version:   14.11.1
[debug] [2025-07-23T04:07:09.264Z] Platform:      darwin
[debug] [2025-07-23T04:07:09.265Z] Node Version:  v21.1.0
[debug] [2025-07-23T04:07:09.265Z] Time:          Wed Jul 23 2025 12:07:09 GMT+0800 (China Standard Time)
[debug] [2025-07-23T04:07:09.265Z] ----------------------------------------------------------------------
[debug] 
[debug] [2025-07-23T04:07:09.267Z] > command requires scopes: ["email","openid","https://www.googleapis.com/auth/cloudplatformprojects.readonly","https://www.googleapis.com/auth/firebase","https://www.googleapis.com/auth/cloud-platform"]
[debug] [2025-07-23T04:07:09.267Z] > authorizing via signed-in user (irisli0926@gmail.com)
[info] 
     ######## #### ########  ######## ########     ###     ######  ########
     ##        ##  ##     ## ##       ##     ##  ##   ##  ##       ##
     ######    ##  ########  ######   ########  #########  ######  ######
     ##        ##  ##    ##  ##       ##     ## ##     ##       ## ##
     ##       #### ##     ## ######## ########  ##     ##  ######  ########

You're about to initialize a Firebase project in this directory:

  /Users/irisli0926/Desktop/safepaw

[info] 
=== Project Setup
[info] 
[info] First, let's associate this project directory with a Firebase project.
[info] You can create multiple project aliases by running firebase use --add, 
[info] but for now we'll just set up a default project.
[info] 
[debug] [2025-07-23T04:07:24.049Z] Checked if tokens are valid: true, expires at: 1753247222730
[debug] [2025-07-23T04:07:24.049Z] Checked if tokens are valid: true, expires at: 1753247222730
[debug] [2025-07-23T04:07:24.050Z] >>> [apiv2][query] GET https://firebase.googleapis.com/v1beta1/projects pageSize=100
[debug] [2025-07-23T04:07:24.757Z] <<< [apiv2][status] GET https://firebase.googleapis.com/v1beta1/projects 200
[debug] [2025-07-23T04:07:24.757Z] <<< [apiv2][body] GET https://firebase.googleapis.com/v1beta1/projects [omitted]
[info] i  Using project safepaw-82db9 (safepaw) 
[info] 
=== Hosting Setup
[debug] [2025-07-23T04:07:28.798Z] Checked if tokens are valid: true, expires at: 1753247222730
[debug] [2025-07-23T04:07:28.798Z] Checked if tokens are valid: true, expires at: 1753247222730
[debug] [2025-07-23T04:07:28.798Z] >>> [apiv2][query] GET https://firebase.googleapis.com/v1beta1/projects/safepaw-82db9 [none]
[debug] [2025-07-23T04:07:29.147Z] <<< [apiv2][status] GET https://firebase.googleapis.com/v1beta1/projects/safepaw-82db9 200
[debug] [2025-07-23T04:07:29.147Z] <<< [apiv2][body] GET https://firebase.googleapis.com/v1beta1/projects/safepaw-82db9 {"projectId":"safepaw-82db9","projectNumber":"414587212013","displayName":"safepaw","name":"projects/safepaw-82db9","resources":{"hostingSite":"safepaw-82db9"},"state":"ACTIVE","etag":"1_93af30bc-b5f0-4843-a68c-ecbb79d8393d"}
[info] 
[info] Your public directory is the folder (relative to your project directory) that
[info] will contain Hosting assets to be uploaded with firebase deploy. If you
[info] have a build process for your assets, use your build's output directory.
[info] 
[debug] [2025-07-23T04:07:54.355Z] >>> [apiv2][query] GET https://www.gstatic.com/firebasejs/releases.json [none]
[debug] [2025-07-23T04:07:54.606Z] <<< [apiv2][status] GET https://www.gstatic.com/firebasejs/releases.json 200
[debug] [2025-07-23T04:07:54.606Z] <<< [apiv2][body] GET https://www.gstatic.com/firebasejs/releases.json {"current":{"version":"12.0.0","browserURL":"https://www.gstatic.com/firebasejs/12.0.0/firebase.js","packageURL":"https://www.gstatic.com/firebasejs/12.0.0/firebase.tgz"},"live":{"version":"12.0","browserURL":"https://www.gstatic.com/firebasejs/live/12.0/firebase.js","packageURL":"https://www.gstatic.com/firebasejs/live/12.0/firebase.tgz"},"components":{"ai":"https://www.gstatic.com/firebasejs/12.0.0/firebase-ai.js","analytics":"https://www.gstatic.com/firebasejs/12.0.0/firebase-analytics.js","app":"https://www.gstatic.com/firebasejs/12.0.0/firebase-app.js","app-check":"https://www.gstatic.com/firebasejs/12.0.0/firebase-app-check.js","auth":"https://www.gstatic.com/firebasejs/12.0.0/firebase-auth.js","auth/cordova":"https://www.gstatic.com/firebasejs/12.0.0/firebase-auth/cordova.js","auth/web-extension":"https://www.gstatic.com/firebasejs/12.0.0/firebase-auth/web-extension.js","functions":"https://www.gstatic.com/firebasejs/12.0.0/firebase-functions.js","firestore":"https://www.gstatic.com/firebasejs/12.0.0/firebase-firestore.js","firestore/lite":"https://www.gstatic.com/firebasejs/12.0.0/firebase-firestore/lite.js","installations":"https://www.gstatic.com/firebasejs/12.0.0/firebase-installations.js","storage":"https://www.gstatic.com/firebasejs/12.0.0/firebase-storage.js","performance":"https://www.gstatic.com/firebasejs/12.0.0/firebase-performance.js","remote-config":"https://www.gstatic.com/firebasejs/12.0.0/firebase-remote-config.js","messaging":"https://www.gstatic.com/firebasejs/12.0.0/firebase-messaging.js","messaging/sw":"https://www.gstatic.com/firebasejs/12.0.0/firebase-messaging/sw.js","database":"https://www.gstatic.com/firebasejs/12.0.0/firebase-database.js","data-connect":"https://www.gstatic.com/firebasejs/12.0.0/firebase-data-connect.js","firestore.memory":"https://www.gstatic.com/firebasejs/12.0.0/firebase-firestore.memory.js"}}
[info] i  Skipping write of public/index.html 
[info] 
[info] i  Didn't detect a .git folder. Assuming /Users/irisli0926/Desktop/safepaw is the project root. 
[info] i  Authorizing with GitHub to upload your service account to a GitHub repository's secrets store. 
[info] 
[info] Visit this URL on this device to log in:
[info] https://github.com/login/oauth/authorize?client_id=89cf50f02ac6aaed3484&state=805107660&redirect_uri=http%3A%2F%2Flocalhost%3A9005&scope=read%3Auser%20repo%20public_repo
[info] 
[info] Waiting for authentication...
[debug] [2025-07-23T04:12:36.378Z] >>> [apiv2][query] POST https://github.com/login/oauth/access_token [none]
[debug] [2025-07-23T04:12:36.378Z] >>> [apiv2][body] POST https://github.com/login/oauth/access_token [stream]
[debug] [2025-07-23T04:12:37.229Z] <<< [apiv2][status] POST https://github.com/login/oauth/access_token 200
[debug] [2025-07-23T04:12:37.229Z] <<< [apiv2][body] POST https://github.com/login/oauth/access_token {"access_token":"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","token_type":"bearer","scope":"read:user,repo"}
[debug] [2025-07-23T04:12:37.234Z] >>> [apiv2][query] GET https://api.github.com/user [none]
[debug] [2025-07-23T04:12:38.248Z] <<< [apiv2][status] GET https://api.github.com/user 200
[debug] [2025-07-23T04:12:38.248Z] <<< [apiv2][body] GET https://api.github.com/user {"login":"irisli0926","id":113313052,"node_id":"U_kgDOBsEFHA","avatar_url":"https://avatars.githubusercontent.com/u/113313052?v=4","gravatar_id":"","url":"https://api.github.com/users/irisli0926","html_url":"https://github.com/irisli0926","followers_url":"https://api.github.com/users/irisli0926/followers","following_url":"https://api.github.com/users/irisli0926/following{/other_user}","gists_url":"https://api.github.com/users/irisli0926/gists{/gist_id}","starred_url":"https://api.github.com/users/irisli0926/starred{/owner}{/repo}","subscriptions_url":"https://api.github.com/users/irisli0926/subscriptions","organizations_url":"https://api.github.com/users/irisli0926/orgs","repos_url":"https://api.github.com/users/irisli0926/repos","events_url":"https://api.github.com/users/irisli0926/events{/privacy}","received_events_url":"https://api.github.com/users/irisli0926/received_events","type":"User","user_view_type":"private","site_admin":false,"name":null,"company":null,"blog":"","location":null,"email":"irisli0926@gmail.com","hireable":null,"bio":null,"twitter_username":null,"notification_email":"irisli0926@gmail.com","public_repos":4,"public_gists":0,"followers":0,"following":0,"created_at":"2022-09-11T21:08:27Z","updated_at":"2025-07-23T04:12:31Z","private_gists":0,"total_private_repos":2,"owned_private_repos":2,"disk_usage":5754,"collaborators":0,"two_factor_authentication":true,"plan":{"name":"free","space":976562499,"collaborators":0,"private_repos":10000}}
[info] 
[info] ✔  Success! Logged into GitHub as irisli0926 
[info] 
[debug] [2025-07-23T04:12:45.904Z] >>> [apiv2][query] GET https://api.github.com/repos//actions/secrets/public-key type=owner
[debug] [2025-07-23T04:12:46.812Z] <<< [apiv2][status] GET https://api.github.com/repos//actions/secrets/public-key 404
[debug] [2025-07-23T04:12:46.812Z] <<< [apiv2][body] GET https://api.github.com/repos//actions/secrets/public-key {"message":"Not Found","documentation_url":"https://docs.github.com/rest","status":"404"}
[info] 
[info] 
[error] ⚠  The provided authorization cannot be used with this repository. If this repository is in an organization, did you remember to grant access? 
[info] 
[info] i  Action required: Visit this URL to ensure access has been granted to the appropriate organization(s) for the Firebase CLI GitHub OAuth App: 
[info] https://github.com/settings/connections/applications/89cf50f02ac6aaed3484
[info] 
